------------------------------------------------------------------------------------------------------------------------

[2016-04-25 10:30:21 #1 store] 
Database 'C:\SICA2.01\lib\db\database.odb' has been recovered (tr. 16839-16840)

[2016-04-25 10:30:21 #2 store] 
Database 'C:\SICA2.01\lib\db\database.odb' is opened by 2412@Admin-PC

[2016-04-25 10:30:21 #3 type] 
Type sica.common.objetos.Registro is not enhanced.

[2016-04-25 10:30:21 #4 type] 
Type sica.objetos.Huella is not enhanced.

[2016-04-25 10:30:21 #5 type] 
Type sica.common.usuarios.Usuario is not enhanced.

------------------------------------------------------------------------------------------------------------------------

[2016-04-25 16:48:10 #1 store] 
Database 'C:\SICA2.01\lib\db\database.odb' is opened by 2360@Admin-PC

[2016-04-25 16:48:10 #2 type] 
Type sica.common.objetos.Registro is not enhanced.

[2016-04-25 16:48:10 #3 type] 
Type sica.objetos.Huella is not enhanced.

[2016-04-25 16:48:10 #4 type] 
Type sica.common.usuarios.Usuario is not enhanced.

