------------------------------------------------------------------------------------------------------------------------

[2016-04-29 14:30:12 #1 store] 
Database 'C:\SICA2.01\lib\db\database.odb' is opened by 604@Admin-PC

[2016-04-29 14:30:12 #2 type] 
Type sica.common.objetos.Registro is not enhanced.

[2016-04-29 14:30:12 #3 type] 
Type sica.objetos.Huella is not enhanced.

[2016-04-29 14:30:12 #4 type] 
Type sica.common.usuarios.Usuario is not enhanced.

[2016-04-29 14:35:08 #5 store] 
Database 'C:\SICA2.01\lib\db\database.odb' is closed by 604@Admin-PC

------------------------------------------------------------------------------------------------------------------------

[2016-04-29 14:35:10 #1 store] 
Database 'C:\SICA2.01\lib\db\database.odb' is opened by 2192@Admin-PC

[2016-04-29 14:35:10 #2 type] 
Type sica.common.objetos.Registro is not enhanced.

[2016-04-29 14:35:10 #3 type] 
Type sica.objetos.Huella is not enhanced.

[2016-04-29 14:35:10 #4 type] 
Type sica.common.usuarios.Usuario is not enhanced.

